app/build/intermediates/manifest_merge_blame_file/debug/manifest-merger-blame-debug-report.txt
1<?xml version="1.0" encoding="utf-8"?>
2<manifest xmlns:android="http://schemas.android.com/apk/res/android"
3    package="com.ichack.bigtactoe"
4    android:versionCode="1"
5    android:versionName="1.0" >
6
7    <uses-sdk
8        android:minSdkVersion="23"
8-->src/main/AndroidManifest.xml
9        android:targetSdkVersion="29" />
9-->src/main/AndroidManifest.xml
10
11    <application
11-->src/main/AndroidManifest.xml:5:3-21:17
12        android:allowBackup="true"
12-->src/main/AndroidManifest.xml:6:5-31
13        android:appComponentFactory="androidx.core.app.CoreComponentFactory"
13-->[androidx.core:core:1.0.1] AndroidManifest.xml:22:18-86
14        android:debuggable="true"
15        android:icon="@mipmap/ic_launcher"
15-->src/main/AndroidManifest.xml:7:5-39
16        android:label="@string/app_name"
16-->src/main/AndroidManifest.xml:8:5-37
17        android:roundIcon="@mipmap/ic_launcher_round"
17-->src/main/AndroidManifest.xml:9:5-50
18        android:supportsRtl="true"
18-->src/main/AndroidManifest.xml:10:5-31
19        android:testOnly="true"
20        android:theme="@style/AppTheme" >
20-->src/main/AndroidManifest.xml:11:5-36
21        <activity android:name="com.ichack.bigtactoe.View.MainActivity" />
21-->src/main/AndroidManifest.xml:12:5-60
21-->src/main/AndroidManifest.xml:12:15-48
22        <activity android:name="com.ichack.bigtactoe.View.PlayOnlineActivity" />
22-->src/main/AndroidManifest.xml:13:5-57
22-->src/main/AndroidManifest.xml:13:15-54
23        <activity android:name="com.ichack.bigtactoe.View.StartActivity" >
23-->src/main/AndroidManifest.xml:14:5-20:16
23-->src/main/AndroidManifest.xml:14:15-49
24            <intent-filter>
24-->src/main/AndroidManifest.xml:15:7-19:23
25                <action android:name="android.intent.action.MAIN" />
25-->src/main/AndroidManifest.xml:16:9-61
25-->src/main/AndroidManifest.xml:16:17-58
26
27                <category android:name="android.intent.category.LAUNCHER" />
27-->src/main/AndroidManifest.xml:18:9-69
27-->src/main/AndroidManifest.xml:18:19-66
28            </intent-filter>
29        </activity>
30    </application>
31
32</manifest>